In file included from [01m[K/home/qizh/libtorch/include/ATen/Tensor.h:3:0[m[K,
                 from [01m[K/home/qizh/libtorch/include/ATen/Context.h:4[m[K,
                 from [01m[K/home/qizh/libtorch/include/ATen/ATen.h:9[m[K,
                 from [01m[K/home/qizh/libtorch/include/torch/csrc/api/include/torch/types.h:3[m[K,
                 from [01m[K/home/qizh/libtorch/include/torch/script.h:3[m[K,
                 from [01m[K/home/qizh/ccmslam_ws/src/ccm_slam/cslam/include/cslam/Detect.h:5[m[K,
                 from [01m[K/home/qizh/ccmslam_ws/src/ccm_slam/cslam/src/Detect.cpp:1[m[K:
[01m[K/home/qizh/libtorch/include/ATen/core/TensorBody.h:38:12:[m[K [01;31m[Kerror: [m[Kâ€˜[01m[Kc10::scalar[m[Kâ€™ has not been declared
 using c10::[01;31m[Kscalar[m[K;
            [01;31m[K^~~~~~[m[K
compilation terminated due to -Wfatal-errors.
make[2]: *** [CMakeFiles/ccmslam_lib.dir/src/Detect.cpp.o] Error 1
make[1]: *** [CMakeFiles/ccmslam_lib.dir/all] Error 2
make: *** [all] Error 2
